<?xml version="1.0" encoding="UTF-8"?>
<testng-results skipped="0" failed="0" ignored="0" total="1" passed="1">
  <reporter-output>
  </reporter-output>
  <suite name="Suite" duration-ms="10806" started-at="2018-01-17T09:38:41Z" finished-at="2018-01-17T09:38:52Z">
    <groups>
    </groups>
    <test name="Test" duration-ms="10806" started-at="2018-01-17T09:38:41Z" finished-at="2018-01-17T09:38:52Z">
      <class name="JenkinsDemo">
        <test-method status="PASS" signature="open()[pri:0, instance:JenkinsDemo@51565ec2]" name="open" duration-ms="10792" started-at="2018-01-17T15:08:41Z" finished-at="2018-01-17T15:08:52Z">
          <reporter-output>
          </reporter-output>
        </test-method> <!-- open -->
      </class> <!-- JenkinsDemo -->
    </test> <!-- Test -->
  </suite> <!-- Suite -->
</testng-results>
