<?xml version="1.0" encoding="UTF-8"?>
<testng-results skipped="0" failed="0" ignored="0" total="1" passed="1">
  <reporter-output>
  </reporter-output>
  <suite name="Suite" duration-ms="14299" started-at="2018-02-23T10:21:38Z" finished-at="2018-02-23T10:21:52Z">
    <groups>
    </groups>
    <test name="Test" duration-ms="14299" started-at="2018-02-23T10:21:38Z" finished-at="2018-02-23T10:21:52Z">
      <class name="Macys_Addcard">
        <test-method status="PASS" signature="open()[pri:0, instance:Macys_Addcard@26be92ad]" name="open" duration-ms="14282" started-at="2018-02-23T15:51:38Z" finished-at="2018-02-23T15:51:52Z">
          <reporter-output>
          </reporter-output>
        </test-method> <!-- open -->
      </class> <!-- Macys_Addcard -->
    </test> <!-- Test -->
  </suite> <!-- Suite -->
</testng-results>
